Apr 30 22:30:36 [O] App started, Logging Initiated.....
Apr 30 22:30:48 [O] Master password match!
Apr 30 22:30:48 [O] Connection good!, JSON Message received
Apr 30 22:30:48 [O] working on host:practicetestautomation.com and user:gwen
Apr 30 22:30:48 
Apr 30 22:30:48 [X] Password not found
Apr 30 22:30:48 [O] Generating Password
Apr 30 22:30:48 [O] Password Generated
Apr 30 22:30:48 [O] storing Password
Apr 30 22:30:48 [O] Password Stored
Apr 30 22:30:48 [O] Sending Message
Apr 30 22:30:48 [O] Message sent
Apr 30 22:30:51 [O] App started, Logging Initiated.....
Apr 31 22:31:00 [O] Master password match!
Apr 31 22:31:00 [O] Connection good!, JSON Message received
Apr 31 22:31:00 [O] working on host:practicetestautomation.com and user:gwen
Apr 31 22:31:00 
Apr 31 22:31:00 [X] Password not found
Apr 31 22:31:00 [O] Generating Password
Apr 31 22:31:00 [O] Password Generated
Apr 31 22:31:00 [O] storing Password
Apr 31 22:31:00 [O] Password Stored
Apr 31 22:31:00 [O] Sending Message
Apr 31 22:31:00 [O] Message sent
Apr 31 22:31:14 [O] App started, Logging Initiated.....
Apr 31 22:31:29 [O] Master password match!
Apr 31 22:31:29 [O] Connection good!, JSON Message received
Apr 31 22:31:29 [O] working on host:practicetestautomation.com and user:rithik
Apr 31 22:31:29 +qDbZEnKyPb^
Apr 31 22:31:29 [O] Password Found!
Apr 31 22:31:29 [O] Sending Message
Apr 31 22:31:29 [O] Message sent
Apr 31 22:31:41 [O] App started, Logging Initiated.....
Apr 31 22:31:51 [O] Master password match!
Apr 31 22:31:51 [O] Connection good!, JSON Message received
Apr 31 22:31:51 [O] working on host:practicetestautomation.com and user:ram
Apr 31 22:31:51 [X] Password not found
Apr 31 22:31:51 [O] Generating Password
Apr 31 22:31:51 [O] Password Generated
Apr 31 22:31:51 [O] storing Password
Apr 31 22:31:51 [O] Password Stored
Apr 31 22:31:51 [O] Sending Message
Apr 31 22:31:51 [O] Message sent
Apr 32 22:32:32 [O] App started, Logging Initiated.....
Apr 32 22:32:39 [O] Master password match!
Apr 32 22:32:39 [O] Connection good!, JSON Message received
Apr 32 22:32:39 [O] working on host:practicetestautomation.com and user:tr
Apr 32 22:32:39 [X] Password not found
Apr 32 22:32:39 [O] Generating Password
Apr 32 22:32:39 [O] Password Generated
Apr 32 22:32:39 [O] Encrypting password
Apr 32 22:32:39 [O] Password encrypted:b'K\xbb\xbf\n\xf7\xd8w\xb2\xf6\x89a\xb6<\x1f\xe8\xfe'
Apr 32 22:32:39 [O] storing Password
Apr 32 22:32:39 [X] Password not stored!
check WRITE PERMISSION!
Apr 32 22:32:57 [O] App started, Logging Initiated.....
Apr 33 22:33:04 [O] Master password match!
Apr 33 22:33:04 [O] Connection good!, JSON Message received
Apr 33 22:33:04 [O] working on host:practicetestautomation.com and user:tr
Apr 33 22:33:04 
Apr 33 22:33:04 [X] Password not found
Apr 33 22:33:04 [O] Generating Password
Apr 33 22:33:04 [O] Password Generated
Apr 33 22:33:04 [O] Encrypting password
Apr 33 22:33:04 [O] Password encrypted:b'{\xe5D\\\x10\x94:\n\x94\xb8\x99\xf1Y\xe8,\xc3'
Apr 33 22:33:04 [O] storing Password
Apr 33 22:33:04 [O] Password Stored
Apr 33 22:33:04 [O] Sending Message
Apr 33 22:33:04 [O] Message sent
Apr 35 22:35:36 [O] App started, Logging Initiated.....
Apr 35 22:35:45 [O] Master password match!
Apr 35 22:35:45 [O] Connection good!, JSON Message received
Apr 35 22:35:45 [O] working on host:practicetestautomation.com and user:zx
Apr 35 22:35:45 [X] Password not found
Apr 35 22:35:45 [O] Generating Password
Apr 35 22:35:45 [O] Password Generated
Apr 35 22:35:45 [O] Encrypting password
Apr 35 22:35:45 [O] Password encrypted:maZm/xh3NW4Vt5A6mXzYFg==
Apr 35 22:35:45 [O] storing Password
Apr 35 22:35:45 [O] Password Stored
Apr 35 22:35:45 [O] Sending Message
Apr 35 22:35:45 [O] Message sent
Apr 37 22:37:12 [O] App started, Logging Initiated.....
Apr 37 22:37:21 [O] Master password match!
Apr 37 22:37:21 [O] Connection good!, JSON Message received
Apr 37 22:37:21 [O] working on host:practicetestautomation.com and user:zx
Apr 37 22:37:21 maZm/xh3NW4Vt5A6mXzYFg==
Apr 37 22:37:21 [O] Password Found!
Apr 37 22:37:21 [O] Decrypting password
Apr 37 22:37:21 [O] Password decryptedc)3gH(?eNJA@
Apr 37 22:37:21 [O] Sending Message
Apr 37 22:37:21 [O] Message sent
Apr 20 23:20:29 [O] App started, Logging Initiated.....
Apr 20 23:20:36 [O] Master password match!
Apr 20 23:20:36 [O] Connection good!, JSON Message received
Apr 20 23:20:36 [O] working on host:practicetestautomation.com and user:crux
Apr 20 23:20:36 [X] Password not found
Apr 20 23:20:36 [O] Generating Password
Apr 20 23:20:36 [O] Password Generated
Apr 20 23:20:36 [O] Encrypting password
Apr 20 23:20:36 [O] Password encrypted:dJbyeMliiq4pPffkwfYgPWtmJg2yqsT2j7DOr5WeCwY=
Apr 20 23:20:36 [O] storing Password
Apr 20 23:20:36 [O] Password Stored
Apr 20 23:20:36 [O] Sending Message
Apr 20 23:20:36 [O] Message sent
Apr 20 23:20:51 [O] App started, Logging Initiated.....
Apr 20 23:20:59 [O] Master password match!
Apr 20 23:20:59 [O] Connection good!, JSON Message received
Apr 20 23:20:59 [O] working on host:practicetestautomation.com and user:crux
Apr 20 23:20:59 dJbyeMliiq4pPffkwfYgPWtmJg2yqsT2j7DOr5WeCwY=
Apr 20 23:20:59 [O] Password Found!
Apr 20 23:20:59 [O] Decrypting password
Apr 20 23:20:59 [O] Password decrypted;P`B=;2Z`_Wsyh,`o>}T
Apr 20 23:20:59 [O] Sending Message
Apr 20 23:20:59 [O] Message sent
Apr 51 14:51:41 [O] App started, Logging Initiated.....
Apr 51 14:51:48 [O] Master password match!
Apr 51 14:51:48 [O] Connection good!, JSON Message received
Apr 51 14:51:48 [O] working on host:practicetestautomation.com and user:rithik
Apr 51 14:51:48 +qDbZEnKyPb^
Apr 51 14:51:48 [O] Password Found!
Apr 51 14:51:48 [O] Decrypting password
Apr 51 14:51:48 [X] READ WRITE permission error!:Incorrect padding
Apr 53 14:53:42 [O] App started, Logging Initiated.....
Apr 53 14:53:56 [O] Master password match!
Apr 53 14:53:56 [O] Connection good!, JSON Message received
Apr 53 14:53:56 [O] working on host:practicetestautomation.com and user:surya
Apr 53 14:53:56 [X] Password not found
Apr 53 14:53:56 [O] Generating Password
Apr 53 14:53:56 [O] Password Generated
Apr 53 14:53:56 [O] Encrypting password
Apr 53 14:53:56 [O] Password encrypted:NRDcaV/PReayvuNnCEAfCu8j0ByNYHv6IvlKTxbBLsU=
Apr 53 14:53:56 [O] storing Password
Apr 53 14:53:56 [O] Password Stored
Apr 53 14:53:56 [O] Sending Message
Apr 53 14:53:56 [O] Message sent
Apr 56 14:56:29 [O] App started, Logging Initiated.....
Apr 56 14:56:38 [O] Master password match!
Apr 56 14:56:38 [O] Connection good!, JSON Message received
Apr 56 14:56:38 [O] working on host:practicetestautomation.com and user:surya
Apr 56 14:56:38 NRDcaV/PReayvuNnCEAfCu8j0ByNYHv6IvlKTxbBLsU=
Apr 56 14:56:38 [O] Password Found!
Apr 56 14:56:38 [O] Decrypting password
Apr 56 14:56:38 [O] Password decrypted2O?uwpH$g1`(-J&MzD.O
Apr 56 14:56:38 [O] Sending Message
Apr 56 14:56:38 [O] Message sent
Apr 05 15:05:32 [O] App started, Logging Initiated.....
Apr 05 15:05:39 [O] Master password match!
Apr 05 15:05:39 [O] Connection good!, JSON Message received
Apr 05 15:05:39 [O] working on host:practicetestautomation.com and user:surya
Apr 05 15:05:39 NRDcaV/PReayvuNnCEAfCu8j0ByNYHv6IvlKTxbBLsU=
Apr 05 15:05:39 [O] Password Found!
Apr 05 15:05:39 [O] Decrypting password
Apr 05 15:05:39 [O] Password decrypted2O?uwpH$g1`(-J&MzD.O
Apr 05 15:05:39 [O] Sending Message
Apr 05 15:05:39 [O] Message sent
Apr 34 15:34:07 [O] App started, Logging Initiated.....
Apr 34 15:34:18 [O] Master password match!
Apr 34 15:34:18 [O] Connection good!, JSON Message received
Apr 34 15:34:18 [O] working on host:practicetestautomation.com and user:rithik
Apr 34 15:34:18 +qDbZEnKyPb^
Apr 34 15:34:18 [O] Password Found!
Apr 34 15:34:18 [O] Decrypting password
Apr 34 15:34:18 [X] READ WRITE permission error!:Incorrect padding
Apr 35 15:35:17 [O] App started, Logging Initiated.....
Apr 35 15:35:27 [O] Master password match!
Apr 35 15:35:27 [O] Connection good!, JSON Message received
Apr 35 15:35:27 [O] working on host:practicetestautomation.com and user:govind
Apr 35 15:35:27 [X] Password not found
Apr 35 15:35:27 [O] Generating Password
Apr 35 15:35:27 [O] Password Generated
Apr 35 15:35:27 [O] Encrypting password
Apr 35 15:35:27 [O] Password encrypted:Hg/WqC5EvF8n3ImYhwdiA+1/jXQzNbjuWY9DklkU0TE=
Apr 35 15:35:27 [O] storing Password
Apr 35 15:35:27 [O] Password Stored
Apr 35 15:35:27 [O] Sending Message
Apr 35 15:35:27 [O] Message sent
Apr 38 15:38:10 [O] App started, Logging Initiated.....
Apr 38 15:38:10 [O] USB setected..
Apr 38 15:38:18 [O] Master password match!
Apr 38 15:38:18 [O] Connection good!, JSON Message received
Apr 38 15:38:18 [O] working on host:practicetestautomation.com and user:govind
Apr 38 15:38:18 Hg/WqC5EvF8n3ImYhwdiA+1/jXQzNbjuWY9DklkU0TE=
Apr 38 15:38:18 [O] Password Found!
Apr 38 15:38:18 [O] Decrypting password
Apr 38 15:38:18 [O] Password decrypted(;(rSm|[+X?G~d#^]E6)
Apr 38 15:38:18 [O] Sending Message
Apr 38 15:38:18 [O] Message sent
Apr 39 15:39:42 [O] App started, Logging Initiated.....
Apr 39 15:39:42 [O] USB detected..
Apr 39 15:39:51 [O] Master password match!
Apr 39 15:39:51 [O] Connection good!, JSON Message received
Apr 39 15:39:51 [O] working on host:practicetestautomation.com and user:govind
Apr 39 15:39:51 Hg/WqC5EvF8n3ImYhwdiA+1/jXQzNbjuWY9DklkU0TE=
Apr 39 15:39:51 [O] Password Found!
Apr 39 15:39:51 [O] Decrypting password
Apr 39 15:39:51 [O] Password decrypted(;(rSm|[+X?G~d#^]E6)
Apr 39 15:39:51 [O] Sending Message
Apr 39 15:39:51 [O] Message sent
Apr 40 15:40:40 [O] App started, Logging Initiated.....
Apr 40 15:40:40 [O] USB detected..
Apr 40 15:40:45 [X] Master password not received
Apr 42 15:42:15 [O] App started, Logging Initiated.....
Apr 42 15:42:15 [O] USB detected..
Apr 42 15:42:23 [O] Master password match!
Apr 42 15:42:23 [O] Connection good!, JSON Message received
Apr 42 15:42:23 [O] working on host:practicetestautomation.com and user:govind
Apr 42 15:42:23 Hg/WqC5EvF8n3ImYhwdiA+1/jXQzNbjuWY9DklkU0TE=
Apr 42 15:42:23 [O] Password Found!
Apr 42 15:42:23 [O] Decrypting password
Apr 42 15:42:23 [O] Password decrypted(;(rSm|[+X?G~d#^]E6)
Apr 42 15:42:23 [O] Sending Message
Apr 42 15:42:23 [O] Message sent
Apr 43 15:43:58 [O] App started, Logging Initiated.....
Apr 43 15:43:58 [O] USB detected..
Apr 44 15:44:05 [O] Master password match!
Apr 44 15:44:05 [O] Connection good!, JSON Message received
Apr 44 15:44:05 [O] working on host:practicetestautomation.com and user:govind
Apr 44 15:44:05 Hg/WqC5EvF8n3ImYhwdiA+1/jXQzNbjuWY9DklkU0TE=
Apr 44 15:44:05 [O] Password Found!
Apr 44 15:44:05 [O] Decrypting password
Apr 44 15:44:05 [O] Password decrypted(;(rSm|[+X?G~d#^]E6)
Apr 44 15:44:05 [O] Sending Message
Apr 44 15:44:05 [O] Message sent
Apr 44 15:44:52 [O] App started, Logging Initiated.....
Apr 44 15:44:52 [O] USB detected..
Apr 44 15:44:59 [O] Master password match!
Apr 44 15:44:59 [O] Connection good!, JSON Message received
Apr 44 15:44:59 [O] working on host:practicetestautomation.com and user:govind
Apr 44 15:44:59 Hg/WqC5EvF8n3ImYhwdiA+1/jXQzNbjuWY9DklkU0TE=
Apr 44 15:44:59 [O] Password Found!
Apr 44 15:44:59 [O] Decrypting password
Apr 44 15:44:59 [O] Password decrypted(;(rSm|[+X?G~d#^]E6)
Apr 44 15:44:59 [O] Sending Message
Apr 44 15:44:59 [O] Message sent
Apr 46 15:46:00 [O] App started, Logging Initiated.....
Apr 46 15:46:00 [O] USB detected..
Apr 46 15:46:08 [O] Master password match!
Apr 46 15:46:08 [O] Connection good!, JSON Message received
Apr 46 15:46:08 [O] working on host:practicetestautomation.com and user:govind
Apr 46 15:46:08 Hg/WqC5EvF8n3ImYhwdiA+1/jXQzNbjuWY9DklkU0TE=
Apr 46 15:46:08 [O] Password Found!
Apr 46 15:46:08 [O] Decrypting password
Apr 46 15:46:08 [O] Password decrypted(;(rSm|[+X?G~d#^]E6)
Apr 46 15:46:08 [O] Sending Message
Apr 46 15:46:08 [O] Message sent
Apr 46 15:46:19 [O] App started, Logging Initiated.....
Apr 46 15:46:19 [O] USB detected..
Apr 46 15:46:27 [O] Master password match!
Apr 46 15:46:27 [O] Connection good!, JSON Message received
Apr 46 15:46:27 [O] working on host:practicetestautomation.com and user:david
Apr 46 15:46:27 [X] Password not found
Apr 46 15:46:27 [O] Generating Password
Apr 46 15:46:27 [O] Password Generated
Apr 46 15:46:27 [O] Encrypting password
Apr 46 15:46:27 [O] Password encrypted:A/rw0t6DLXbXgeqD+vnEFvArVAMgUxKxEEeCyHlqxcQ=
Apr 46 15:46:27 [O] storing Password
Apr 46 15:46:27 [O] Password Stored
Apr 46 15:46:27 [O] Sending Message
Apr 46 15:46:27 [O] Message sent
Apr 46 15:46:50 [O] App started, Logging Initiated.....
Apr 46 15:46:50 [O] USB detected..
Apr 46 15:46:57 [O] Master password match!
Apr 46 15:46:57 [O] Connection good!, JSON Message received
Apr 46 15:46:57 [O] working on host:practicetestautomation.com and user:david
Apr 46 15:46:57 A/rw0t6DLXbXgeqD+vnEFvArVAMgUxKxEEeCyHlqxcQ=
Apr 46 15:46:57 [O] Password Found!
Apr 46 15:46:57 [O] Decrypting password
Apr 46 15:46:57 [O] Password decryptedcY&vXhiBK4z?.KwD)}_|
Apr 46 15:46:57 [O] Sending Message
Apr 46 15:46:57 [O] Message sent
Apr 47 15:47:20 [O] App started, Logging Initiated.....
Apr 47 15:47:20 [O] USB detected..
Apr 47 15:47:28 [O] Master password match!
Apr 47 15:47:28 [O] Connection good!, JSON Message received
Apr 47 15:47:28 [O] working on host:practicetestautomation.com and user:david
Apr 47 15:47:28 A/rw0t6DLXbXgeqD+vnEFvArVAMgUxKxEEeCyHlqxcQ=
Apr 47 15:47:28 [O] Password Found!
Apr 47 15:47:28 [O] Decrypting password
Apr 47 15:47:28 [O] Password decryptedcY&vXhiBK4z?.KwD)}_|
Apr 47 15:47:28 [O] Sending Message
Apr 47 15:47:28 [O] Message sent
Apr 47 15:47:58 [O] App started, Logging Initiated.....
Apr 47 15:47:58 [O] USB detected..
Apr 48 15:48:06 [O] Master password match!
Apr 48 15:48:06 [O] Connection good!, JSON Message received
Apr 48 15:48:06 [O] working on host:practicetestautomation.com and user:david
Apr 48 15:48:06 A/rw0t6DLXbXgeqD+vnEFvArVAMgUxKxEEeCyHlqxcQ=
Apr 48 15:48:06 [O] Password Found!
Apr 48 15:48:06 [O] Decrypting password
Apr 48 15:48:06 [O] Password decryptedcY&vXhiBK4z?.KwD)}_|
Apr 48 15:48:06 [O] Sending Message
Apr 48 15:48:06 [O] Message sent
Apr 49 15:49:21 [O] App started, Logging Initiated.....
Apr 49 15:49:21 [O] USB detected..
Apr 49 15:49:29 [O] Master password match!
Apr 49 15:49:29 [O] Connection good!, JSON Message received
Apr 49 15:49:29 [O] working on host:practicetestautomation.com and user:david
Apr 49 15:49:29 A/rw0t6DLXbXgeqD+vnEFvArVAMgUxKxEEeCyHlqxcQ=
Apr 49 15:49:29 [O] Password Found!
Apr 49 15:49:29 [O] Decrypting password
Apr 49 15:49:29 [O] Password decryptedcY&vXhiBK4z?.KwD)}_|
Apr 49 15:49:29 [O] Sending Message
Apr 49 15:49:29 [O] Message sent
Apr 50 15:50:35 [O] App started, Logging Initiated.....
Apr 50 15:50:35 [O] USB detected..
Apr 50 15:50:43 [O] Master password match!
Apr 50 15:50:43 [O] Connection good!, JSON Message received
Apr 50 15:50:43 [O] working on host:practicetestautomation.com and user:david
Apr 50 15:50:43 A/rw0t6DLXbXgeqD+vnEFvArVAMgUxKxEEeCyHlqxcQ=
Apr 50 15:50:43 [O] Password Found!
Apr 50 15:50:43 [O] Decrypting password
Apr 50 15:50:43 [O] Password decryptedcY&vXhiBK4z?.KwD)}_|
Apr 50 15:50:43 [O] Sending Message
Apr 50 15:50:43 [O] Message sent
Apr 56 15:56:06 [O] App started, Logging Initiated.....
Apr 56 15:56:06 [O] USB detected..
Apr 56 15:56:22 [O] Master password match!
Apr 56 15:56:22 [O] Connection good!, JSON Message received
Apr 56 15:56:22 [O] working on host:practicetestautomation.com and user:deva
Apr 56 15:56:22 [X] Password not found
Apr 56 15:56:22 [O] Generating Password
Apr 56 15:56:22 [O] Password Generated
Apr 56 15:56:22 [O] Encrypting password
Apr 56 15:56:22 [O] Password encrypted:4gEXi0gbJS6ztBalHWKcrGBc1vx+UvT4V2XhJoum9y4=
Apr 56 15:56:22 [O] storing Password
Apr 56 15:56:22 [O] Password Stored
Apr 56 15:56:22 [O] Sending Message
Apr 56 15:56:22 [O] Message sent
Apr 10 21:10:16 [O] App started, Logging Initiated.....
Apr 10 21:10:16 [O] USB detected..
Apr 10 21:10:24 [O] Master password match!
Apr 10 21:10:24 [O] Connection good!, JSON Message received
Apr 10 21:10:24 [O] working on host:practicetestautomation.com and user:deva
Apr 10 21:10:24 4gEXi0gbJS6ztBalHWKcrGBc1vx+UvT4V2XhJoum9y4=
Apr 10 21:10:24 [O] Password Found!
Apr 10 21:10:24 [O] Decrypting password
Apr 10 21:10:24 [O] Password decryptedVL7,+0(&{$V4I^MGd4J?
Apr 10 21:10:24 [O] Sending Message
Apr 10 21:10:24 [O] Message sent
Apr 13 21:13:12 [O] App started, Logging Initiated.....
Apr 13 21:13:12 [O] USB detected..
Apr 13 21:13:20 [O] Master password match!
Apr 13 21:13:20 [O] Connection good!, JSON Message received
Apr 13 21:13:20 [O] working on host:practicetestautomation.com and user:deva
Apr 13 21:13:20 4gEXi0gbJS6ztBalHWKcrGBc1vx+UvT4V2XhJoum9y4=
Apr 13 21:13:20 [O] Password Found!
Apr 13 21:13:20 [O] Decrypting password
Apr 13 21:13:20 [O] Password decryptedVL7,+0(&{$V4I^MGd4J?
Apr 13 21:13:20 [O] Sending Message
Apr 13 21:13:20 [O] Message sent
Apr 16 21:16:54 [O] App started, Logging Initiated.....
Apr 16 21:16:54 [X]USB not found..
Apr 16 21:16:54 askstring() missing 1 required positional argument: 'prompt'
Traceback (most recent call last):
  File "/Users/rithik-tt0170/Passdrive/host/Main/main.py", line 230, in <module>
    main()
  File "/Users/rithik-tt0170/Passdrive/host/Main/main.py", line 222, in main
    master_password = simpledialog.askstring("Please insert USB!!")
TypeError: askstring() missing 1 required positional argument: 'prompt'
Apr 16 21:16:59 [O] App started, Logging Initiated.....
Apr 16 21:16:59 [X]USB not found..
Apr 16 21:16:59 askstring() missing 1 required positional argument: 'prompt'
Traceback (most recent call last):
  File "/Users/rithik-tt0170/Passdrive/host/Main/main.py", line 230, in <module>
    main()
  File "/Users/rithik-tt0170/Passdrive/host/Main/main.py", line 222, in main
    master_password = simpledialog.askstring("Please insert USB!!")
TypeError: askstring() missing 1 required positional argument: 'prompt'
Apr 20 21:20:02 [O] App started, Logging Initiated.....
Apr 20 21:20:03 [X]USB not found..
Apr 38 21:38:03 [O] App started, Logging Initiated.....
Apr 38 21:38:03 [O] USB detected..
Apr 38 21:38:10 [Errno 1] Operation not permitted: '/Volumes/PASSDRIVE/.master/master'
Traceback (most recent call last):
  File "/Users/rithik-tt0170/Passdrive/host/Main/main.py", line 234, in <module>
    main()
  File "/Users/rithik-tt0170/Passdrive/host/Main/main.py", line 156, in main
    if(not check_master_password(master_password)):
  File "/Users/rithik-tt0170/Passdrive/host/Main/main.py", line 122, in check_master_password
    with open(master_file, 'r') as f:
PermissionError: [Errno 1] Operation not permitted: '/Volumes/PASSDRIVE/.master/master'
Apr 07 22:07:06 [O] App started, Logging Initiated.....
Apr 07 22:07:06 [O] USB detected..
Apr 07 22:07:14 [Errno 1] Operation not permitted: '/Volumes/PASSDRIVE/.master/master'
Traceback (most recent call last):
  File "/Users/rithik-tt0170/Passdrive/host/Main/main.py", line 234, in <module>
    main()
  File "/Users/rithik-tt0170/Passdrive/host/Main/main.py", line 156, in main
    if(not check_master_password(master_password)):
  File "/Users/rithik-tt0170/Passdrive/host/Main/main.py", line 122, in check_master_password
    with open(master_file, 'r') as f:
PermissionError: [Errno 1] Operation not permitted: '/Volumes/PASSDRIVE/.master/master'
Apr 13 22:13:56 [O] App started, Logging Initiated.....
Apr 13 22:13:56 [O] USB detected..
Apr 14 22:14:02 CompletedProcess(args=['cat', '/Volumes/PASSDRIVE/.master/master'], returncode=1, stdout='', stderr='cat: /Volumes/PASSDRIVE/.master/master: Operation not permitted\n')
Apr 14 22:14:02 [Errno 1] Operation not permitted: '/Volumes/PASSDRIVE/.master/master'
Traceback (most recent call last):
  File "/Users/rithik-tt0170/Passdrive/host/Main/main.py", line 236, in <module>
    main()
  File "/Users/rithik-tt0170/Passdrive/host/Main/main.py", line 158, in main
    if(not check_master_password(master_password)):
  File "/Users/rithik-tt0170/Passdrive/host/Main/main.py", line 124, in check_master_password
    with open(master_file, 'r') as f:
PermissionError: [Errno 1] Operation not permitted: '/Volumes/PASSDRIVE/.master/master'
Apr 22 22:22:10 [O] App started, Logging Initiated.....
Apr 22 22:22:10 [O] USB detected..
Apr 22 22:22:21 CompletedProcess(args=['cat', '/Volumes/PASSDRIVE/.master/master'], returncode=1, stdout='', stderr='cat: /Volumes/PASSDRIVE/.master/master: Operation not permitted\n')
Apr 22 22:22:21 [Errno 1] Operation not permitted: '/Volumes/PASSDRIVE/.master/master'
Traceback (most recent call last):
  File "/Users/rithik-tt0170/Passdrive/host/Main/main.py", line 236, in <module>
    main()
  File "/Users/rithik-tt0170/Passdrive/host/Main/main.py", line 158, in main
    if(not check_master_password(master_password)):
  File "/Users/rithik-tt0170/Passdrive/host/Main/main.py", line 124, in check_master_password
    with open(master_file, 'r') as f:
PermissionError: [Errno 1] Operation not permitted: '/Volumes/PASSDRIVE/.master/master'
Apr 56 11:56:59 [O] App started, Logging Initiated.....
Apr 56 11:56:59 [O] USB detected..
Apr 57 11:57:07 CompletedProcess(args=['cat', '/Volumes/PASSDRIVE/.master/master'], returncode=1, stdout='', stderr='cat: /Volumes/PASSDRIVE/.master/master: Operation not permitted\n')
Apr 57 11:57:07 [Errno 1] Operation not permitted: '/Volumes/PASSDRIVE/.master/master'
Traceback (most recent call last):
  File "/Users/rithik-tt0170/Passdrive/host/Main/main.py", line 236, in <module>
    main()
  File "/Users/rithik-tt0170/Passdrive/host/Main/main.py", line 158, in main
    if(not check_master_password(master_password)):
  File "/Users/rithik-tt0170/Passdrive/host/Main/main.py", line 124, in check_master_password
    with open(master_file, 'r') as f:
PermissionError: [Errno 1] Operation not permitted: '/Volumes/PASSDRIVE/.master/master'
Apr 11 12:11:22 [O] App started, Logging Initiated.....
Apr 11 12:11:22 [O] USB detected..
Apr 11 12:11:29 [Errno 1] Operation not permitted: '/Users/rithik-tt0170/my_usb/.master/master'
Traceback (most recent call last):
  File "/Users/rithik-tt0170/Passdrive/host/Main/main.py", line 234, in <module>
    main()
  File "/Users/rithik-tt0170/Passdrive/host/Main/main.py", line 156, in main
    if(not check_master_password(master_password)):
  File "/Users/rithik-tt0170/Passdrive/host/Main/main.py", line 122, in check_master_password
    with open(master_file, 'r') as f:
PermissionError: [Errno 1] Operation not permitted: '/Users/rithik-tt0170/my_usb/.master/master'
Apr 27 12:27:20 [O] App started, Logging Initiated.....
Apr 27 12:27:20 [O] USB detected..
Apr 27 12:27:28 must have exactly one of create/read/write/append mode
Traceback (most recent call last):
  File "/Users/rithik-tt0170/Passdrive/host/Main/main.py", line 234, in <module>
    main()
  File "/Users/rithik-tt0170/Passdrive/host/Main/main.py", line 156, in main
    if(not check_master_password(master_password)):
  File "/Users/rithik-tt0170/Passdrive/host/Main/main.py", line 122, in check_master_password
    with open(master_file, 'rw') as f:
ValueError: must have exactly one of create/read/write/append mode
Apr 27 12:27:56 [O] App started, Logging Initiated.....
Apr 27 12:27:56 [O] USB detected..
Apr 28 12:28:03 [Errno 1] Operation not permitted: '/Users/rithik-tt0170/my_usb/.master/master'
Traceback (most recent call last):
  File "/Users/rithik-tt0170/Passdrive/host/Main/main.py", line 234, in <module>
    main()
  File "/Users/rithik-tt0170/Passdrive/host/Main/main.py", line 156, in main
    if(not check_master_password(master_password)):
  File "/Users/rithik-tt0170/Passdrive/host/Main/main.py", line 122, in check_master_password
    with open(master_file, 'w') as f:
PermissionError: [Errno 1] Operation not permitted: '/Users/rithik-tt0170/my_usb/.master/master'
Apr 29 12:29:05 [O] App started, Logging Initiated.....
Apr 29 12:29:05 [O] USB detected..
Apr 29 12:29:12 [Errno 1] Operation not permitted: '/Users/rithik-tt0170/my_usb/.master/master'
Traceback (most recent call last):
  File "/Users/rithik-tt0170/Passdrive/host/Main/main.py", line 234, in <module>
    main()
  File "/Users/rithik-tt0170/Passdrive/host/Main/main.py", line 156, in main
    if(not check_master_password(master_password)):
  File "/Users/rithik-tt0170/Passdrive/host/Main/main.py", line 122, in check_master_password
    with open(master_file, 'rb') as f:
PermissionError: [Errno 1] Operation not permitted: '/Users/rithik-tt0170/my_usb/.master/master'
Apr 32 12:32:30 [O] App started, Logging Initiated.....
Apr 32 12:32:30 [O] USB detected..
Apr 32 12:32:36 CompletedProcess(args=['ls', '-la', '/Users/rithik-tt0170/my_usb/.master/master'], returncode=0, stdout='-rwxrwxrwx  1 rithik-tt0170  staff  64 Apr 23 21:28 /Users/rithik-tt0170/my_usb/.master/master\n', stderr='')
Apr 32 12:32:36 [Errno 1] Operation not permitted: '/Users/rithik-tt0170/my_usb/.master/master'
Traceback (most recent call last):
  File "/Users/rithik-tt0170/Passdrive/host/Main/main.py", line 236, in <module>
    main()
  File "/Users/rithik-tt0170/Passdrive/host/Main/main.py", line 158, in main
    if(not check_master_password(master_password)):
  File "/Users/rithik-tt0170/Passdrive/host/Main/main.py", line 124, in check_master_password
    with open(master_file, 'r') as f:
PermissionError: [Errno 1] Operation not permitted: '/Users/rithik-tt0170/my_usb/.master/master'
Apr 35 12:35:37 [O] App started, Logging Initiated.....
Apr 35 12:35:37 [O] USB detected..
Apr 35 12:35:44 CompletedProcess(args=['cat', '/Users/rithik-tt0170/my_usb/.master/master'], returncode=1, stdout='', stderr='cat: /Users/rithik-tt0170/my_usb/.master/master: Operation not permitted\n')
Apr 35 12:35:44 [Errno 1] Operation not permitted: '/Users/rithik-tt0170/my_usb/.master/master'
Traceback (most recent call last):
  File "/Users/rithik-tt0170/Passdrive/host/Main/main.py", line 236, in <module>
    main()
  File "/Users/rithik-tt0170/Passdrive/host/Main/main.py", line 158, in main
    if(not check_master_password(master_password)):
  File "/Users/rithik-tt0170/Passdrive/host/Main/main.py", line 124, in check_master_password
    with open(master_file, 'r') as f:
PermissionError: [Errno 1] Operation not permitted: '/Users/rithik-tt0170/my_usb/.master/master'
Apr 13 14:13:21 [O] App started, Logging Initiated.....
Apr 13 14:13:21 [O] USB detected..
Apr 13 14:13:27 CompletedProcess(args=['cat', '/Users/rithik-tt0170/my_usb/.master/master'], returncode=1, stdout='', stderr='cat: /Users/rithik-tt0170/my_usb/.master/master: Operation not permitted\n')
Apr 13 14:13:27 [Errno 1] Operation not permitted: '/Users/rithik-tt0170/my_usb/.master/master'
Traceback (most recent call last):
  File "/Users/rithik-tt0170/Passdrive/host/Main/main.py", line 236, in <module>
    main()
  File "/Users/rithik-tt0170/Passdrive/host/Main/main.py", line 158, in main
    if(not check_master_password(master_password)):
  File "/Users/rithik-tt0170/Passdrive/host/Main/main.py", line 124, in check_master_password
    with open(master_file, 'r') as f:
PermissionError: [Errno 1] Operation not permitted: '/Users/rithik-tt0170/my_usb/.master/master'
Apr 13 15:13:05 [O] App started, Logging Initiated.....
Apr 13 15:13:05 [X]USB not found..
Apr 16 17:16:08 [O] App started, Logging Initiated.....
Apr 16 17:16:08 [X]USB not found..
Apr 45 17:45:27 [O] App started, Logging Initiated.....
Apr 45 17:45:27 [X]USB not found..
Apr 52 17:52:04 [O] App started, Logging Initiated.....
Apr 52 17:52:04 [X]USB not found..
Apr 54 17:54:58 [O] App started, Logging Initiated.....
Apr 54 17:54:58 [X]USB not found..
Apr 56 17:56:08 [O] App started, Logging Initiated.....
Apr 56 17:56:08 [X]USB not found..
Apr 41 18:41:13 [O] App started, Logging Initiated.....
Apr 41 18:41:13 [O] USB detected..
Apr 41 18:41:20 [X] Master password file not found!
Apr 41 18:41:20 local variable 'stored_master' referenced before assignment
Traceback (most recent call last):
  File "/Users/rithik-tt0170/Passdrive/host/Main/main.py", line 236, in <module>
    main()
  File "/Users/rithik-tt0170/Passdrive/host/Main/main.py", line 158, in main
    if(not check_master_password(master_password)):
  File "/Users/rithik-tt0170/Passdrive/host/Main/main.py", line 129, in check_master_password
    if hashed_master_password == stored_master:
UnboundLocalError: local variable 'stored_master' referenced before assignment
Apr 43 18:43:30 [O] App started, Logging Initiated.....
Apr 43 18:43:30 [O] USB detected..
Apr 43 18:43:36 [X] Master password file not found!
Apr 43 18:43:36 local variable 'stored_master' referenced before assignment
Traceback (most recent call last):
  File "/Users/rithik-tt0170/Passdrive/host/Main/main.py", line 236, in <module>
    main()
  File "/Users/rithik-tt0170/Passdrive/host/Main/main.py", line 158, in main
    if(not check_master_password(master_password)):
  File "/Users/rithik-tt0170/Passdrive/host/Main/main.py", line 129, in check_master_password
    if hashed_master_password == stored_master:
UnboundLocalError: local variable 'stored_master' referenced before assignment
Apr 44 18:44:57 [O] App started, Logging Initiated.....
Apr 44 18:44:57 [O] USB detected..
Apr 45 18:45:02 [X] Master password file not found!
Apr 45 18:45:02 local variable 'stored_master' referenced before assignment
Traceback (most recent call last):
  File "/Users/rithik-tt0170/Passdrive/host/Main/main.py", line 234, in <module>
    main()
  File "/Users/rithik-tt0170/Passdrive/host/Main/main.py", line 156, in main
    if(not check_master_password(master_password)):
  File "/Users/rithik-tt0170/Passdrive/host/Main/main.py", line 127, in check_master_password
    if hashed_master_password == stored_master:
UnboundLocalError: local variable 'stored_master' referenced before assignment
Apr 45 18:45:55 [O] App started, Logging Initiated.....
Apr 45 18:45:55 [O] USB detected..
Apr 46 18:46:01 [O] Master password match!
Apr 46 18:46:01 [O] Connection good!, JSON Message received
Apr 46 18:46:01 [O] working on host:practicetestautomation.com and user:dev
Apr 46 18:46:01 [X] Password not found
Apr 46 18:46:01 [O] Generating Password
Apr 46 18:46:01 [O] Password Generated
Apr 46 18:46:01 [O] Encrypting password
Apr 46 18:46:01 [O] Password encrypted:CnJNZ9HDiDN6EymYe0IcKtnomVJkQecTzGQUp8IGlT0=
Apr 46 18:46:01 [O] storing Password
Apr 46 18:46:01 [O] Password Stored
Apr 46 18:46:01 [O] Sending Message
Apr 46 18:46:01 [O] Message sent
Apr 46 18:46:13 [O] App started, Logging Initiated.....
Apr 46 18:46:13 [O] USB detected..
Apr 46 18:46:18 [O] Master password match!
Apr 46 18:46:18 [O] Connection good!, JSON Message received
Apr 46 18:46:18 [O] working on host:practicetestautomation.com and user:gyle
Apr 46 18:46:18 [X] Password not found
Apr 46 18:46:18 [O] Generating Password
Apr 46 18:46:18 [O] Password Generated
Apr 46 18:46:18 [O] Encrypting password
Apr 46 18:46:18 [O] Password encrypted:sjDGONjAxyvfkq8t750otmXmH9ZLh2l0phT5ewqMpH8=
Apr 46 18:46:18 [O] storing Password
Apr 46 18:46:18 [O] Password Stored
Apr 46 18:46:18 [O] Sending Message
Apr 46 18:46:18 [O] Message sent
Apr 01 19:01:52 [O] App started, Logging Initiated.....
Apr 01 19:01:52 [O] USB detected..
Apr 01 19:01:58 [O] Master password match!
Apr 01 19:01:58 [O] Connection good!, JSON Message received
Apr 01 19:01:58 [O] working on host:practicetestautomation.com and user:ri
Apr 01 19:01:58 [X] Password not found
Apr 01 19:01:58 [O] Generating Password
Apr 01 19:01:58 [O] Password Generated
Apr 01 19:01:58 [O] Encrypting password
Apr 01 19:01:58 [O] Password encrypted:fJU1Fd7qy3XNnhHi/ND1W+/6J/kOwK7b4cTnZHDmDcc=
Apr 01 19:01:58 [O] storing Password
Apr 01 19:01:58 [O] Password Stored
Apr 01 19:01:58 [O] Sending Message
Apr 01 19:01:58 [O] Message sent
Apr 18 13:18:03 [O] App started, Logging Initiated.....
Apr 18 13:18:03 [X]USB not found..
Apr 57 14:57:09 [O] App started, Logging Initiated.....
Apr 57 14:57:09 [O] USB detected..
Apr 57 14:57:17 [O] Master password match!
Apr 57 14:57:17 [O] Connection good!, JSON Message received
Apr 57 14:57:17 [O] working on host:practicetestautomation.com and user:dev
Apr 57 14:57:17 CnJNZ9HDiDN6EymYe0IcKtnomVJkQecTzGQUp8IGlT0=
Apr 57 14:57:17 [O] Password Found!
Apr 57 14:57:17 [O] Decrypting password
Apr 57 14:57:17 [O] Password decrypted=2Q,7zw?,H&fQ0(?|1(o
Apr 57 14:57:17 [O] Sending Message
Apr 57 14:57:17 [O] Message sent
Apr 57 14:57:27 [O] App started, Logging Initiated.....
Apr 57 14:57:27 [O] USB detected..
Apr 57 14:57:33 [O] Master password match!
Apr 57 14:57:33 [O] Connection good!, JSON Message received
Apr 57 14:57:33 [O] working on host:practicetestautomation.com and user:confu
Apr 57 14:57:33 [X] Password not found
Apr 57 14:57:33 [O] Generating Password
Apr 57 14:57:33 [O] Password Generated
Apr 57 14:57:33 [O] Encrypting password
Apr 57 14:57:33 [O] Password encrypted:96uta1+ruL71KQtvV8KTswMInD4UE9FQhnpGAP+AhbQ=
Apr 57 14:57:33 [O] storing Password
Apr 57 14:57:33 [O] Password Stored
Apr 57 14:57:33 [O] Sending Message
Apr 57 14:57:33 [O] Message sent
Apr 36 19:36:19 [O] App started, Logging Initiated.....
Apr 36 19:36:19 [O] USB detected..
Apr 36 19:36:28 [X] Master password not match!
Apr 36 19:36:41 [O] App started, Logging Initiated.....
Apr 36 19:36:41 [O] USB detected..
Apr 36 19:36:48 [X] Master password not match!
Apr 38 19:38:05 [O] App started, Logging Initiated.....
Apr 38 19:38:05 [O] USB detected..
Apr 38 19:38:16 [O] Master password match!
Apr 38 19:38:16 [O] Connection good!, JSON Message received
Apr 38 19:38:16 [O] working on host:practicetestautomation.com and user:dev
Apr 38 19:38:16 CnJNZ9HDiDN6EymYe0IcKtnomVJkQecTzGQUp8IGlT0=
Apr 38 19:38:16 [O] Password Found!
Apr 38 19:38:16 [O] Decrypting password
Apr 38 19:38:16 [X] READ WRITE permission error!:Padding is incorrect.
Apr 38 19:38:56 [O] App started, Logging Initiated.....
Apr 38 19:38:56 [O] USB detected..
Apr 39 19:39:10 [O] Master password match!
Apr 39 19:39:10 [O] Connection good!, JSON Message received
Apr 39 19:39:10 [O] working on host:practicetestautomation.com and user:new
Apr 39 19:39:10 [X] Password not found
Apr 39 19:39:10 [O] Generating Password
Apr 39 19:39:10 [O] Password Generated
Apr 39 19:39:10 [O] Encrypting password
Apr 39 19:39:10 [O] Password encrypted:93VmC26mgS7c0CHm8Qy6zjDLMV/73OGc9ZZUsaqQSDk=
Apr 39 19:39:10 [O] storing Password
Apr 39 19:39:10 [O] Password Stored
Apr 39 19:39:10 [O] Sending Message
Apr 39 19:39:10 [O] Message sent
Apr 51 19:51:27 [O] App started, Logging Initiated.....
Apr 51 19:51:27 [O] USB detected..
Apr 51 19:51:34 [O] Master password match!
Apr 51 19:51:34 [O] Connection good!, JSON Message received
Apr 51 19:51:34 [O] working on host:practicetestautomation.com and user:new
Apr 51 19:51:34 93VmC26mgS7c0CHm8Qy6zjDLMV/73OGc9ZZUsaqQSDk=
Apr 51 19:51:34 [O] Password Found!
Apr 51 19:51:34 [O] Decrypting password
Apr 51 19:51:34 [O] Password decrypted?opW^`hjZ`le)Pr4Mbn6
Apr 51 19:51:34 [O] Sending Message
Apr 51 19:51:34 [O] Message sent
Apr 52 19:52:28 [O] App started, Logging Initiated.....
Apr 52 19:52:28 [O] USB detected..
Apr 52 19:52:34 [O] Master password match!
Apr 52 19:52:34 [O] Connection good!, JSON Message received
Apr 52 19:52:34 [O] working on host:practicetestautomation.com and user:new
Apr 52 19:52:34 93VmC26mgS7c0CHm8Qy6zjDLMV/73OGc9ZZUsaqQSDk=
Apr 52 19:52:34 [O] Password Found!
Apr 52 19:52:34 [O] Decrypting password
Apr 52 19:52:34 [O] Password decrypted?opW^`hjZ`le)Pr4Mbn6
Apr 52 19:52:34 [O] Sending Message
Apr 52 19:52:34 [O] Message sent
Apr 52 19:52:46 [O] App started, Logging Initiated.....
Apr 52 19:52:46 [O] USB detected..
Apr 52 19:52:52 [O] Master password match!
Apr 52 19:52:52 [O] Connection good!, JSON Message received
Apr 52 19:52:52 [O] working on host:practicetestautomation.com and user:new2
Apr 52 19:52:52 [X] Password not found
Apr 52 19:52:52 [O] Generating Password
Apr 52 19:52:52 [O] Password Generated
Apr 52 19:52:52 [O] Encrypting password
Apr 52 19:52:52 [O] Password encrypted:XisSNHneKrMSXgNjhvXblotgdAo/ZdFIPRRz40nSFuw=
Apr 52 19:52:52 [O] storing Password
Apr 52 19:52:52 [O] Password Stored
Apr 52 19:52:52 [O] Sending Message
Apr 52 19:52:52 [O] Message sent
